<?xml version="1.0" encoding="UTF-8"?>
<!-- Generated by org.testng.reporters.JUnitXMLReporter -->
<testsuite ignored="0" hostname="DESKTOP-CT8GCTN" failures="0" tests="5" name="Thread #2" time="76.474" errors="0" timestamp="2022-09-20T17:37:37 MSK">
  <testcase classname="test.ProductTest" name="elementsOfDropdownExist" time="2.3"/>
  <testcase classname="test.ProductTest" name="productPriceShouldBeCorrect" time="2.552"/>
  <testcase classname="test.ProductTest" name="socialMediaButton" time="12.992"/>
  <testcase classname="test.ProductTest" name="socialMediaButton2" time="10.896"/>
  <testcase classname="test.ProductTest" name="socialMediaButton3" time="6.392"/>
</testsuite> <!-- Thread #2 -->
