<?xml version="1.0" encoding="UTF-8"?>
<!-- Generated by org.testng.reporters.JUnitXMLReporter -->
<testsuite ignored="0" hostname="DESKTOP-CT8GCTN" failures="0" tests="9" name="Thread #1" time="31.512" errors="0" timestamp="2022-09-20T17:36:52 MSK">
  <testcase classname="test.LoginTest" name="loginSuccess" time="4.944"/>
  <testcase classname="test.ProductTest" name="chooseOption1" time="5.296"/>
  <testcase classname="test.ProductTest" name="chooseOption2" time="2.487"/>
  <testcase classname="test.LoginTest" name="negativeLogin" time="2.416"/>
  <testcase classname="test.LoginTest" name="negativeLogin" time="3.065"/>
  <testcase classname="test.ProductTest" name="chooseOption3" time="3.838"/>
  <testcase classname="test.LoginTest" name="negativeLogin" time="2.376"/>
  <testcase classname="test.ProductTest" name="chooseOption4" time="3.316"/>
  <testcase classname="test.LoginTest" name="negativeLogin" time="1.938"/>
</testsuite> <!-- Thread #1 -->
